<?xml version="1.0" encoding="UTF-8"?>
<!-- Generated by org.testng.reporters.JUnitReportReporter -->
<testsuite hostname="JorgeEL" failures="0" tests="1" name="diffActions.PerformActions" time="4.637" errors="0" timestamp="2025-04-19T09:35:43 CST" skipped="0">
  <testcase classname="diffActions.PerformActions" name="doDifferentBrowserAction" time="4.637"/>
</testsuite> <!-- diffActions.PerformActions -->
