<?xml version="1.0" encoding="UTF-8"?>
<!-- Generated by org.testng.reporters.JUnitReportReporter -->
<testsuite hostname="JorgeEL" failures="0" tests="1" name="diffActions.PerformActions" time="11.213" errors="0" timestamp="2025-04-27T10:50:02 CST" skipped="0">
  <testcase classname="diffActions.PerformActions" name="doDifferentBrowserAction" time="11.213"/>
</testsuite> <!-- diffActions.PerformActions -->
